<?xml version="1.0" encoding="UTF-8"?>
<!-- Generated by org.testng.reporters.JUnitReportReporter -->
<testsuite hostname="DESKTOP-UNVGE05" failures="0" tests="1" name="RESTAPIxml.XMLTest" time="1.754" errors="0" timestamp="09 July 2023 06:02:04 GMT" skipped="0">
  <testcase classname="RESTAPIxml.XMLTest" name="test1" time="1.754"/>
</testsuite> <!-- RESTAPIxml.XMLTest -->
