<?xml version="1.0" encoding="UTF-8"?>
<!-- Generated by org.testng.reporters.JUnitReportReporter -->
<testsuite hostname="DESKTOP-UNVGE05" failures="0" tests="1" name="restAPIBDD.PutRequestBDD" time="0.823" errors="0" timestamp="09 Jul. 2023 04:44:55 GMT" skipped="0">
  <testcase classname="restAPIBDD.PutRequestBDD" name="test1" time="0.823"/>
</testsuite> <!-- restAPIBDD.PutRequestBDD -->
