<?xml version="1.0" encoding="UTF-8"?>
<!-- Generated by org.testng.reporters.JUnitReportReporter -->
<testsuite hostname="DESKTOP-UNVGE05" failures="0" tests="1" name="github.createRepo" time="1.944" errors="0" timestamp="09 Jul. 2023 00:58:48 GMT" skipped="0">
  <testcase classname="github.createRepo" name="test1" time="1.944"/>
</testsuite> <!-- github.createRepo -->
