<?xml version="1.0" encoding="UTF-8"?>
<!-- Generated by org.testng.reporters.JUnitReportReporter -->
<testsuite hostname="DESKTOP-UNVGE05" failures="0" tests="1" name="RestAPI.PostRequestWithFile" time="0.797" errors="0" timestamp="08 Jul. 2023 06:57:09 GMT" skipped="0">
  <testcase classname="RestAPI.PostRequestWithFile" name="test1" time="0.797"/>
</testsuite> <!-- RestAPI.PostRequestWithFile -->
