<?xml version="1.0" encoding="UTF-8"?>
<!-- Generated by org.testng.reporters.JUnitReportReporter -->
<testsuite hostname="DESKTOP-UNVGE05" failures="0" tests="1" name="springBooot.DeleteRequest" time="0.780" errors="0" timestamp="08 Jul. 2023 06:31:54 GMT" skipped="0">
  <testcase classname="springBooot.DeleteRequest" name="test1" time="0.780"/>
</testsuite> <!-- springBooot.DeleteRequest -->
