<?xml version="1.0" encoding="UTF-8"?>
<!-- Generated by org.testng.reporters.JUnitReportReporter -->
<testsuite hostname="DESKTOP-UNVGE05" failures="0" tests="1" name="springBooot.GetAllEmployee" time="1.059" errors="0" timestamp="09 July 2023 06:10:45 GMT" skipped="0">
  <testcase classname="springBooot.GetAllEmployee" name="get" time="1.059"/>
</testsuite> <!-- springBooot.GetAllEmployee -->
