<?xml version="1.0" encoding="UTF-8"?>
<!-- Generated by org.testng.reporters.JUnitReportReporter -->
<testsuite hostname="DESKTOP-UNVGE05" failures="0" tests="1" name="RestAPI.PostRequest" time="0.755" errors="0" timestamp="09 Jul. 2023 03:44:57 GMT" skipped="0">
  <testcase classname="RestAPI.PostRequest" name="test1" time="0.755"/>
</testsuite> <!-- RestAPI.PostRequest -->
