<?xml version="1.0" encoding="UTF-8"?>
<!-- Generated by org.testng.reporters.JUnitReportReporter -->
<testsuite hostname="DESKTOP-UNVGE05" failures="0" tests="2" name="restAPIBDD.GetRequestBDD" time="1.346" errors="0" timestamp="09 July 2023 05:54:26 GMT" skipped="0">
  <testcase classname="restAPIBDD.GetRequestBDD" name="test1" time="1.277"/>
  <testcase classname="restAPIBDD.GetRequestBDD" name="test3" time="0.069"/>
</testsuite> <!-- restAPIBDD.GetRequestBDD -->
