<?xml version="1.0" encoding="UTF-8"?>
<!-- Generated by org.testng.reporters.JUnitReportReporter -->
<testsuite hostname="DESKTOP-UNVGE05" failures="0" tests="1" name="RestAPI.PutRequest" time="0.885" errors="0" timestamp="08 Jul. 2023 05:48:21 GMT" skipped="0">
  <testcase classname="RestAPI.PutRequest" name="test1" time="0.885"/>
</testsuite> <!-- RestAPI.PutRequest -->
