<?xml version="1.0" encoding="UTF-8"?>
<!-- Generated by org.testng.reporters.JUnitReportReporter -->
<testsuite hostname="DESKTOP-UNVGE05" failures="0" tests="1" name="RestAPI.PostRequestWithJsonObject" time="0.734" errors="0" timestamp="08 Jul. 2023 05:00:16 GMT" skipped="0">
  <testcase classname="RestAPI.PostRequestWithJsonObject" name="test1" time="0.734"/>
</testsuite> <!-- RestAPI.PostRequestWithJsonObject -->
