<?xml version="1.0" encoding="UTF-8"?>
<!-- Generated by org.testng.reporters.JUnitReportReporter -->
<testsuite hostname="DESKTOP-UNVGE05" failures="0" tests="1" name="restAPIBDD.PostRequestBDD" time="0.972" errors="0" timestamp="09 July 2023 05:54:43 GMT" skipped="0">
  <testcase classname="restAPIBDD.PostRequestBDD" name="test1" time="0.972"/>
</testsuite> <!-- restAPIBDD.PostRequestBDD -->
