<?xml version="1.0" encoding="UTF-8"?>
<!-- Generated by org.testng.reporters.JUnitReportReporter -->
<testsuite hostname="DESKTOP-UNVGE05" failures="0" tests="1" name="springBooot.Post_Employee" time="0.986" errors="0" timestamp="09 July 2023 06:11:04 GMT" skipped="0">
  <testcase classname="springBooot.Post_Employee" name="test1" time="0.986"/>
</testsuite> <!-- springBooot.Post_Employee -->
