<?xml version="1.0" encoding="UTF-8"?>
<!-- Generated by org.testng.reporters.JUnitReportReporter -->
<testsuite hostname="DESKTOP-UNVGE05" failures="0" tests="1" name="RestAPI.GetRequestWithParameter" time="1.170" errors="0" timestamp="08 Jul. 2023 03:50:52 GMT" skipped="0">
  <testcase classname="RestAPI.GetRequestWithParameter" name="test1" time="1.170"/>
</testsuite> <!-- RestAPI.GetRequestWithParameter -->
