<?xml version="1.0" encoding="UTF-8"?>
<!-- Generated by org.testng.reporters.JUnitReportReporter -->
<testsuite hostname="DESKTOP-UNVGE05" failures="0" tests="1" name="RestAPI.PostRequestWithMap" time="0.886" errors="0" timestamp="08 Jul. 2023 04:50:47 GMT" skipped="0">
  <testcase classname="RestAPI.PostRequestWithMap" name="test1" time="0.886"/>
</testsuite> <!-- RestAPI.PostRequestWithMap -->
