<?xml version="1.0" encoding="UTF-8"?>
<!-- Generated by org.testng.reporters.JUnitReportReporter -->
<testsuite hostname="DESKTOP-UNVGE05" failures="0" tests="1" name="restAPIBDD.DeleteRequestBDD" time="0.788" errors="0" timestamp="09 Jul. 2023 04:47:40 GMT" skipped="0">
  <testcase classname="restAPIBDD.DeleteRequestBDD" name="test1" time="0.788"/>
</testsuite> <!-- restAPIBDD.DeleteRequestBDD -->
