<?xml version="1.0" encoding="UTF-8"?>
<!-- Generated by org.testng.reporters.JUnitReportReporter -->
<testsuite hostname="DESKTOP-UNVGE05" failures="0" tests="1" name="RestAPI.GetRequest" time="1.170" errors="0" timestamp="09 Jul. 2023 03:44:32 GMT" skipped="0">
  <testcase classname="RestAPI.GetRequest" name="test1" time="1.170"/>
</testsuite> <!-- RestAPI.GetRequest -->
